<?xml version="1.0" encoding="UTF-8"?>
<!-- Generated by org.testng.reporters.JUnitXMLReporter -->
<testsuite hostname="NTB-11974" name="Default test" tests="5" failures="0" timestamp="22 Sep 2015 08:24:15 GMT" time="10.085" errors="0">
  <testcase name="modifySomeGroup" time="1.602" classname="com.example.tests.GroupModificationTests"/>
  <testcase name="modifySomeGroup" time="1.114" classname="com.example.tests.GroupModificationTests"/>
  <testcase name="modifySomeGroup" time="1.042" classname="com.example.tests.GroupModificationTests"/>
  <testcase name="modifySomeGroup" time="1.026" classname="com.example.tests.GroupModificationTests"/>
  <testcase name="modifySomeGroup" time="1.281" classname="com.example.tests.GroupModificationTests"/>
</testsuite> <!-- Default test -->
